<?xml version="1.0" encoding="UTF-8" ?>
<testsuite tests="2" failures="0" name="fr.aifcc.master.tp4.directory_impl.TestDatabaseDirectory" time="1.812" errors="1" skipped="0">
  <properties>
[...]
</properties>
  <testcase classname="fr.aifcc.master.tp4.directory_impl.TestDatabaseDirectory" name="testPersons" time="1.632">
    <error message="java.sql.SQLSyntaxErrorException: Erreur de syntaxe : Encountered &quot;;&quot; at line 1, column 55." type="fr.aifcc.master.tp4.directory_api.DirectoryException">fr.aifcc.master.tp4.directory_api.DirectoryException: java.sql.SQLSyntaxErrorException: Erreur de syntaxe : Encountered &quot;;&quot; at line 1, column 55.
	at fr.aifcc.master.tp4.directory_impl.DatabaseDirectory.getPersons(DatabaseDirectory.java:58)
	at fr.aifcc.master.tp4.directory_impl.TestDatabaseDirectory.testPersons(TestDatabaseDirectory.java:79)
	at sun.reflect.NativeMethodAccessorImpl.invoke0(Native Method)
	at sun.reflect.NativeMethodAccessorImpl.invoke(NativeMethodAccessorImpl.java:62)
	at sun.reflect.DelegatingMethodAccessorImpl.invoke(DelegatingMethodAccessorImpl.java:43)
	at java.lang.reflect.Method.invoke(Method.java:498)
	at org.junit.runners.model.FrameworkMethod$1.runReflectiveCall(FrameworkMethod.java:50)
	at org.junit.internal.runners.model.ReflectiveCallable.run(ReflectiveCallable.java:12)
	at org.junit.runners.model.FrameworkMethod.invokeExplosively(FrameworkMethod.java:47)
	at org.junit.internal.runners.statements.InvokeMethod.evaluate(InvokeMethod.java:17)
	at org.junit.internal.runners.statements.RunBefores.evaluate(RunBefores.java:26)
	at org.junit.internal.runners.statements.RunAfters.evaluate(RunAfters.java:27)
	at org.junit.runners.ParentRunner.runLeaf(ParentRunner.java:325)
	at org.junit.runners.BlockJUnit4ClassRunner.runChild(BlockJUnit4ClassRunner.java:78)
	at org.junit.runners.BlockJUnit4ClassRunner.runChild(BlockJUnit4ClassRunner.java:57)
	at org.junit.runners.ParentRunner$3.run(ParentRunner.java:290)
	at org.junit.runners.ParentRunner$1.schedule(ParentRunner.java:71)
	at org.junit.runners.ParentRunner.runChildren(ParentRunner.java:288)
	at org.junit.runners.ParentRunner.access$000(ParentRunner.java:58)
	at org.junit.runners.ParentRunner$2.evaluate(ParentRunner.java:268)
	at org.junit.runners.ParentRunner.run(ParentRunner.java:363)
	at org.apache.maven.surefire.junit4.JUnit4Provider.execute(JUnit4Provider.java:252)
	at org.apache.maven.surefire.junit4.JUnit4Provider.executeTestSet(JUnit4Provider.java:141)
	at org.apache.maven.surefire.junit4.JUnit4Provider.invoke(JUnit4Provider.java:112)
	at sun.reflect.NativeMethodAccessorImpl.invoke0(Native Method)
	at sun.reflect.NativeMethodAccessorImpl.invoke(NativeMethodAccessorImpl.java:62)
	at sun.reflect.DelegatingMethodAccessorImpl.invoke(DelegatingMethodAccessorImpl.java:43)
	at java.lang.reflect.Method.invoke(Method.java:498)
	at org.apache.maven.surefire.util.ReflectionUtils.invokeMethodWithArray(ReflectionUtils.java:189)
	at org.apache.maven.surefire.booter.ProviderFactory$ProviderProxy.invoke(ProviderFactory.java:165)
	at org.apache.maven.surefire.booter.ProviderFactory.invokeProvider(ProviderFactory.java:85)
	at org.apache.maven.surefire.booter.ForkedBooter.runSuitesInProcess(ForkedBooter.java:115)
	at org.apache.maven.surefire.booter.ForkedBooter.main(ForkedBooter.java:75)
Caused by: java.sql.SQLSyntaxErrorException: Erreur de syntaxe : Encountered &quot;;&quot; at line 1, column 55.
	at org.apache.derby.client.am.SQLExceptionFactory.getSQLException(Unknown Source)
	at org.apache.derby.client.am.SqlException.getSQLException(Unknown Source)
	at org.apache.derby.client.am.ClientConnection.prepareStatement(Unknown Source)
	at fr.aifcc.master.tp4.directory_impl.DatabaseDirectory.getPersons(DatabaseDirectory.java:33)
	... 32 more
Caused by: ERROR 42X01: Erreur de syntaxe : Encountered &quot;;&quot; at line 1, column 55.
	at org.apache.derby.client.am.ClientStatement.completeSqlca(Unknown Source)
	at org.apache.derby.client.net.NetStatementReply.parsePrepareError(Unknown Source)
	at org.apache.derby.client.net.NetStatementReply.parsePRPSQLSTTreply(Unknown Source)
	at org.apache.derby.client.net.NetStatementReply.readPrepareDescribeOutput(Unknown Source)
	at org.apache.derby.client.net.StatementReply.readPrepareDescribeOutput(Unknown Source)
	at org.apache.derby.client.net.NetStatement.readPrepareDescribeOutput_(Unknown Source)
	at org.apache.derby.client.am.ClientStatement.readPrepareDescribeOutput(Unknown Source)
	at org.apache.derby.client.am.ClientPreparedStatement.readPrepareDescribeInputOutput(Unknown Source)
	at org.apache.derby.client.am.ClientPreparedStatement.flowPrepareDescribeInputOutput(Unknown Source)
	at org.apache.derby.client.am.ClientPreparedStatement.prepare(Unknown Source)
	at org.apache.derby.client.am.ClientConnection.prepareStatementX(Unknown Source)
	... 34 more
</error>
  </testcase>
  <testcase classname="fr.aifcc.master.tp4.directory_impl.TestDatabaseDirectory" name="testPerson" time="0.18"/>
</testsuite>